app/build_1276433642/intermediates/manifest_merge_blame_file/debug/manifest-merger-blame-debug-report.txt
1<?xml version="1.0" encoding="utf-8"?>
2<manifest xmlns:android="http://schemas.android.com/apk/res/android"
3    package="com.almmor.tracepass"
4    android:versionCode="100"
5    android:versionName="1.0.0" >
6
7    <uses-sdk
8        android:minSdkVersion="21"
9        android:targetSdkVersion="33" />
10
11    <uses-permission android:name="android.permission.NFC" />
11-->src\main\AndroidManifest.xml:6:5-62
11-->src\main\AndroidManifest.xml:6:22-59
12
13    <uses-feature
13-->src\main\AndroidManifest.xml:8:5-10:35
14        android:name="android.hardware.nfc"
14-->src\main\AndroidManifest.xml:9:9-44
15        android:required="true" />
15-->src\main\AndroidManifest.xml:10:9-32
16
17    <application
17-->src\main\AndroidManifest.xml:12:5-44:19
18        android:name="com.almmor.tracepass.ThisApplication"
18-->src\main\AndroidManifest.xml:13:9-40
19        android:allowBackup="false"
19-->src\main\AndroidManifest.xml:14:9-36
20        android:debuggable="true"
21        android:extractNativeLibs="true"
22        android:hardwareAccelerated="true"
22-->src\main\AndroidManifest.xml:15:9-43
23        android:icon="@drawable/nfcard"
23-->src\main\AndroidManifest.xml:16:9-40
24        android:label="@string/app_name"
24-->src\main\AndroidManifest.xml:17:9-41
25        android:testOnly="true"
26        android:theme="@style/AppTheme" >
26-->src\main\AndroidManifest.xml:18:9-40
27        <meta-data
27-->src\main\AndroidManifest.xml:19:9-21:36
28            android:name="android.nfc.disable_beam_default"
28-->src\main\AndroidManifest.xml:20:13-60
29            android:value="true" />
29-->src\main\AndroidManifest.xml:21:13-33
30
31        <activity
31-->src\main\AndroidManifest.xml:23:9-43:20
32            android:name="com.almmor.tracepass.MainActivity"
32-->src\main\AndroidManifest.xml:24:13-41
33            android:alwaysRetainTaskState="false"
33-->src\main\AndroidManifest.xml:25:13-50
34            android:configChanges="orientation|screenSize|smallestScreenSize|screenLayout"
34-->src\main\AndroidManifest.xml:26:13-91
35            android:exported="true"
35-->src\main\AndroidManifest.xml:30:13-36
36            android:label="@string/app_name"
36-->src\main\AndroidManifest.xml:27:13-45
37            android:launchMode="singleTask"
37-->src\main\AndroidManifest.xml:28:13-44
38            android:windowSoftInputMode="adjustUnspecified|stateAlwaysHidden" >
38-->src\main\AndroidManifest.xml:29:13-78
39            <intent-filter>
39-->src\main\AndroidManifest.xml:31:13-34:29
40                <action android:name="android.intent.action.MAIN" />
40-->src\main\AndroidManifest.xml:32:17-69
40-->src\main\AndroidManifest.xml:32:25-66
41
42                <category android:name="android.intent.category.LAUNCHER" />
42-->src\main\AndroidManifest.xml:33:17-77
42-->src\main\AndroidManifest.xml:33:27-74
43            </intent-filter>
44            <intent-filter>
44-->src\main\AndroidManifest.xml:35:13-38:29
45                <action android:name="android.nfc.action.TECH_DISCOVERED" />
45-->src\main\AndroidManifest.xml:36:17-77
45-->src\main\AndroidManifest.xml:36:25-74
46                <action android:name="android.nfc.action.TAG_DISCOVERED" />
46-->src\main\AndroidManifest.xml:37:17-76
46-->src\main\AndroidManifest.xml:37:25-73
47            </intent-filter>
48
49            <meta-data
49-->src\main\AndroidManifest.xml:40:13-42:59
50                android:name="android.nfc.action.TECH_DISCOVERED"
50-->src\main\AndroidManifest.xml:41:17-66
51                android:resource="@xml/nfc_tech_filter" />
51-->src\main\AndroidManifest.xml:42:17-56
52        </activity>
53    </application>
54
55</manifest>